Arguments: 
  /usr/bin/node /usr/share/yarn/bin/yarn.js

PATH: 
  /home/linuxbrew/.linuxbrew/bin:/home/linuxbrew/.linuxbrew/sbin:/home/dropdisco/.cargo/bin:/usr/local/sbin:/usr/local/bin:/usr/sbin:/usr/bin:/sbin:/bin:/usr/games:/usr/local/games:/mnt/c/textile-hub:/mnt/c/WINDOWS/System32/WindowsPowerShell/v1.0/:/mnt/c/WINDOWS:/mnt/c/WINDOWS/System32/Wbem:/mnt/c/WINDOWS/System32/OpenSSH/:/mnt/c/Program Files/Git/cmd:/mnt/c/WINDOWS/system32:/mnt/c/hub:/mnt/c/Users/dropdisco/AppData/Local/Microsoft/WindowsApps:/mnt/d/Agin/VisualStudio/Microsoft VS Code/bin:/mnt/c/Program Files/IPFS Desktop/resources/app.asar.unpacked/src/ipfs-on-path/scripts/bin-win:/mnt/c/Users/dropdisco/AppData/Local/GitHubDesktop/bin:/snap/bin

Yarn version: 
  1.22.5

Node version: 
  16.7.0

Platform: 
  linux x64

Trace: 
  Error: https://registry.yarnpkg.com/date-fns/-/date-fns-2.27.0.tgz: ESOCKETTIMEDOUT
      at ClientRequest.<anonymous> (/usr/share/yarn/lib/cli.js:141376:19)
      at Object.onceWrapper (node:events:513:28)
      at ClientRequest.emit (node:events:394:28)
      at TLSSocket.emitRequestTimeout (node:_http_client:761:9)
      at Object.onceWrapper (node:events:513:28)
      at TLSSocket.emit (node:events:406:35)
      at TLSSocket.Socket._onTimeout (node:net:486:8)
      at listOnTimeout (node:internal/timers:557:17)
      at processTimers (node:internal/timers:500:7)

npm manifest: 
  {
    "name": "b2c-evm-compatible-bridge-app",
    "version": "0.1.0",
    "private": true,
    "scripts": {
      "start": "craco start",
      "build": "craco build",
      "test": "craco test",
      "lint-staged": "lint-staged",
      "format": "prettier --write src/**/*.ts{,x}",
      "lint": "tsc --noEmit && eslint src/**/*.ts{,x}"
    },
    "dependencies": {
      "@ant-design/icons": "^4.7.0",
      "@craco/craco": "^6.4.1",
      "@web3-react/core": "^6.1.9",
      "@web3-react/injected-connector": "^6.0.7",
      "antd": "^4.16.13",
      "axios": "^0.23.0",
      "craco-less": "^1.20.0",
      "dayjs": "^1.10.7",
      "ethers": "^5.5.1",
      "husky": "^7.0.2",
      "lint-staged": "^11.2.3",
      "prettier": "^2.4.1",
      "react": "^17.0.2",
      "react-dom": "^17.0.2",
      "react-router-dom": "^5.3.0",
      "react-scripts": "4.0.3",
      "recoil": "^0.4.1",
      "styled-components": "^5.3.1",
      "web-vitals": "^1.0.1"
    },
    "devDependencies": {
      "@testing-library/jest-dom": "^5.11.4",
      "@testing-library/react": "^11.1.0",
      "@testing-library/user-event": "^12.1.10",
      "@types/jest": "^26.0.15",
      "@types/node": "^12.0.0",
      "@types/react": "^17.0.0",
      "@types/react-dom": "^17.0.0",
      "@types/react-router-dom": "^5.3.1",
      "@types/styled-components": "^5.1.15",
      "@typescript-eslint/eslint-plugin": "^5.0.0",
      "@typescript-eslint/parser": "^5.0.0",
      "eslint": "^7.32.0",
      "eslint-config-airbnb": "^18.2.1",
      "eslint-config-airbnb-typescript": "^14.0.1",
      "eslint-config-prettier": "^8.3.0",
      "eslint-plugin-import": "^2.25.2",
      "eslint-plugin-jest": "^25.2.1",
      "eslint-plugin-jsx-a11y": "^6.4.1",
      "eslint-plugin-prettier": "^4.0.0",
      "eslint-plugin-react": "^7.26.1",
      "eslint-plugin-react-hooks": "^1.7.0",
      "typescript": "^4.4.4"
    },
    "lint-staged": {
      "src/*.{ts,tsx}": [
        "npm run lint",
        "npm run format"
      ]
    },
    "eslintConfig": {
      "extends": [
        "react-app",
        "react-app/jest"
      ]
    },
    "browserslist": {
      "production": [
        ">0.2%",
        "not dead",
        "not op_mini all"
      ],
      "development": [
        "last 1 chrome version",
        "last 1 firefox version",
        "last 1 safari version"
      ]
    }
  }

yarn manifest: 
  No manifest

Lockfile: 
  No lockfile
